c:\users\serdar\source\repos\project11\project11\debug\vc141.pdb
c:\users\serdar\source\repos\project11\project11\debug\vc141.idb
c:\users\serdar\source\repos\project11\project11\debug\menu.obj
c:\users\serdar\source\repos\project11\project11\debug\main.obj
c:\users\serdar\source\repos\project11\project11\debug\klient.obj
c:\users\serdar\source\repos\project11\project11\debug\errornumberinput.obj
c:\users\serdar\source\repos\project11\project11\debug\errorinput.obj
c:\users\serdar\source\repos\project11\project11\debug\errorcharinput.obj
c:\users\serdar\source\repos\project11\project11\debug\carmoto.obj
c:\users\serdar\source\repos\project11\project11\debug\carlight.obj
c:\users\serdar\source\repos\project11\project11\debug\carheavy.obj
c:\users\serdar\source\repos\project11\project11\debug\carelectric.obj
c:\users\serdar\source\repos\project11\project11\debug\car.obj
c:\users\serdar\source\repos\project11\project11\debug\admin.obj
c:\users\serdar\source\repos\project11\debug\project11.exe
c:\users\serdar\source\repos\project11\debug\project11.ilk
c:\users\serdar\source\repos\project11\debug\project11.pdb
c:\users\serdar\source\repos\project11\project11\debug\project11.tlog\cl.command.1.tlog
c:\users\serdar\source\repos\project11\project11\debug\project11.tlog\cl.read.1.tlog
c:\users\serdar\source\repos\project11\project11\debug\project11.tlog\cl.write.1.tlog
c:\users\serdar\source\repos\project11\project11\debug\project11.tlog\link.command.1.tlog
c:\users\serdar\source\repos\project11\project11\debug\project11.tlog\link.read.1.tlog
c:\users\serdar\source\repos\project11\project11\debug\project11.tlog\link.write.1.tlog
